C:\USERS\JAMESSON\DOCUMENTS\GITHUB\B-TREE\B TREE\DEBUG\B_TREE.OBJ
C:\USERS\JAMESSON\DOCUMENTS\GITHUB\B-TREE\B TREE\DEBUG\MAIN.OBJ
C:\USERS\JAMESSON\DOCUMENTS\GITHUB\B-TREE\B TREE\DEBUG\VC110.PDB
C:\USERS\JAMESSON\DOCUMENTS\GITHUB\B-TREE\DEBUG\B TREE.ILK
C:\USERS\JAMESSON\DOCUMENTS\GITHUB\B-TREE\DEBUG\B TREE.EXE
C:\USERS\JAMESSON\DOCUMENTS\GITHUB\B-TREE\DEBUG\B TREE.PDB
C:\Users\jamesson\Documents\GitHub\B-Tree\B Tree\Debug\b_tree.obj
C:\Users\jamesson\Documents\GitHub\B-Tree\B Tree\Debug\Main.obj
C:\Users\jamesson\Documents\GitHub\B-Tree\B Tree\Debug\cl.command.1.tlog
C:\Users\jamesson\Documents\GitHub\B-Tree\B Tree\Debug\CL.read.1.tlog
C:\Users\jamesson\Documents\GitHub\B-Tree\B Tree\Debug\CL.write.1.tlog
C:\Users\jamesson\Documents\GitHub\B-Tree\B Tree\Debug\link-cvtres.read.1.tlog
C:\Users\jamesson\Documents\GitHub\B-Tree\B Tree\Debug\link-cvtres.write.1.tlog
C:\Users\jamesson\Documents\GitHub\B-Tree\B Tree\Debug\link-rc.read.1.tlog
C:\Users\jamesson\Documents\GitHub\B-Tree\B Tree\Debug\link-rc.write.1.tlog
C:\Users\jamesson\Documents\GitHub\B-Tree\B Tree\Debug\link.command.1.tlog
C:\Users\jamesson\Documents\GitHub\B-Tree\B Tree\Debug\link.read.1.tlog
C:\Users\jamesson\Documents\GitHub\B-Tree\B Tree\Debug\link.write.1.tlog
C:\Users\jamesson\Documents\GitHub\B-Tree\B Tree\Debug\vc110.idb
C:\Users\jamesson\Documents\GitHub\B-Tree\B Tree\Debug\vc110.pdb
C:\Users\jamesson\Documents\GitHub\B-Tree\Debug\B Tree.pdb
C:\Users\jamesson\Documents\GitHub\B-Tree\Debug\B Tree.exe
C:\Users\jamesson\Documents\GitHub\B-Tree\Debug\B Tree.ilk
